<?xml version="1.0" encoding="UTF-8" ?>
<testsuite tests="7" failures="1" name="TestSuite" time="0.025" errors="0" skipped="0">
  <properties>
[...]
</properties>
  <testcase classname="ivanmaventest.Mavenjava.AppiumTest" name="IOSApp" time="0.02">
    <failure message="expected [true] but found [false]" type="java.lang.AssertionError">java.lang.AssertionError: expected [true] but found [false]
	at org.testng.Assert.fail(Assert.java:110)
	at org.testng.Assert.failNotEquals(Assert.java:1413)
	at org.testng.Assert.assertTrue(Assert.java:56)
	at org.testng.Assert.assertTrue(Assert.java:66)
	at ivanmaventest.Mavenjava.AppiumTest.IOSApp(AppiumTest.java:16)
</failure>
    <system-out>Configuring TestNG with: org.apache.maven.surefire.testng.conf.TestNG652Configurator@4de8b406
IOSApp
</system-out>
    <system-err>SLF4J: Failed to load class &quot;org.slf4j.impl.StaticLoggerBinder&quot;.
SLF4J: Defaulting to no-operation (NOP) logger implementation
SLF4J: See http://www.slf4j.org/codes.html#StaticLoggerBinder for further details.
</system-err>
  </testcase>
  <testcase classname="ivanmaventest.Mavenjava.AppiumTest" name="NativeAPPAndroid" time="0"/>
  <testcase classname="ivanmaventest.Mavenjava.RESTAPITest" name="DeleteTweet" time="0.001"/>
  <testcase classname="ivanmaventest.Mavenjava.RESTAPITest" name="PostJira" time="0.001"/>
  <testcase classname="ivanmaventest.Mavenjava.SeleniumTest" name="BrowserAutomation" time="0.001"/>
  <testcase classname="ivanmaventest.Mavenjava.SeleniumTest" name="ElementsUi" time="0.001"/>
  <testcase classname="ivanmaventest.Mavenjava.SeleniumTest" name="Login" time="0.001"/>
</testsuite>